<?xml version="1.0" encoding="UTF-8"?>
<!-- Generated by org.testng.reporters.JUnitReportReporter -->
<testsuite hostname="LAPTOP-0THLNP35" failures="0" tests="4" name="TestngBasics.PaymentTest" time="13.501" errors="0" timestamp="2024-03-29T15:10:33 IST" skipped="0">
  <testcase classname="TestngBasics.PaymentTest" name="register" time="3.121"/>
  <testcase classname="TestngBasics.PaymentTest" name="login" time="3.558"/>
  <testcase classname="TestngBasics.PaymentTest" name="addToCart" time="3.272"/>
  <testcase classname="TestngBasics.PaymentTest" name="payment" time="3.550"/>
  <system-out>
    <![CDATA[Add to Cart
Login
Payment
Register]]>
  </system-out>
</testsuite> <!-- TestngBasics.PaymentTest -->
