<?xml version="1.0" encoding="UTF-8"?>
<!-- Generated by org.testng.reporters.JUnitReportReporter -->
<testsuite hostname="LAPTOP-0THLNP35" failures="0" tests="4" name="TestngBasics.DependencyGroupTest" time="14.066" errors="0" timestamp="2024-03-29T15:10:33 IST" skipped="0">
  <testcase classname="TestngBasics.DependencyGroupTest" name="register" time="3.721">
    <system-out>
      <![CDATA[Register]]>
    </system-out>
  </testcase> <!-- register -->
  <testcase classname="TestngBasics.DependencyGroupTest" name="login" time="3.399">
    <system-out>
      <![CDATA[Login]]>
    </system-out>
  </testcase> <!-- login -->
  <testcase classname="TestngBasics.DependencyGroupTest" name="payment" time="3.350">
    <system-out>
      <![CDATA[Payment]]>
    </system-out>
  </testcase> <!-- payment -->
  <testcase classname="TestngBasics.DependencyGroupTest" name="addToCart" time="3.596">
    <system-out>
      <![CDATA[Add to Cart]]>
    </system-out>
  </testcase> <!-- addToCart -->
  <system-out>
    <![CDATA[Add to Cart
Login
Payment
Register]]>
  </system-out>
</testsuite> <!-- TestngBasics.DependencyGroupTest -->
