<?xml version="1.0" encoding="UTF-8"?>
<!-- Generated by org.testng.reporters.JUnitReportReporter -->
<testsuite hostname="LAPTOP-0THLNP35" failures="0" tests="1" name="TestngBasics.LogoTest" time="7.245" errors="0" timestamp="2024-03-30T13:57:55 IST" skipped="0">
  <testcase classname="TestngBasics.LogoTest" name="logoimg" time="7.245">
    <system-out>
      <![CDATA[Test case completed]]>
    </system-out>
  </testcase> <!-- logoimg -->
  <system-out>
    <![CDATA[Test case completed]]>
  </system-out>
</testsuite> <!-- TestngBasics.LogoTest -->
