<?xml version="1.0" encoding="UTF-8"?>
<!-- Generated by org.testng.reporters.JUnitReportReporter -->
<testsuite hostname="LAPTOP-0THLNP35" failures="0" tests="2" name="TestScripts.ComputerTest" time="9.498" errors="0" timestamp="2024-04-03T16:18:44 IST" skipped="0">
  <testcase classname="TestScripts.ComputerTest" name="computer_001" time="5.134">
    <system-out>
      <![CDATA[Test is Complete]]>
    </system-out>
  </testcase> <!-- computer_001 -->
  <testcase classname="TestScripts.ComputerTest" name="computer_002" time="4.364">
    <system-out>
      <![CDATA[Test is completed]]>
    </system-out>
  </testcase> <!-- computer_002 -->
  <system-out>
    <![CDATA[Before Suite
Before Test
Before Launch Chrome Browser
Before Login
Test is Complete
After Logout
Before Login
Test is completed
After Logout
After quit Chrome Browser
Before Launch Chrome Browser
Before Login
Test is Complete
After Logout
Before Login
Test is completed
After Logout
After quit Chrome Browser
After Test
After Suite]]>
  </system-out>
</testsuite> <!-- TestScripts.ComputerTest -->
