<?xml version="1.0" encoding="UTF-8"?>
<!-- Generated by org.testng.reporters.JUnitReportReporter -->
<testsuite hostname="LAPTOP-0THLNP35" failures="0" tests="3" name="TestngBasics.TwoDimension" time="93.939" errors="0" timestamp="2024-04-02T12:55:13 IST" skipped="0">
  <testcase classname="TestngBasics.TwoDimension" name="Login_001" time="27.482"/>
  <testcase classname="TestngBasics.TwoDimension" name="Login_001" time="29.692"/>
  <testcase classname="TestngBasics.TwoDimension" name="Login_001" time="36.765"/>
</testsuite> <!-- TestngBasics.TwoDimension -->
