<?xml version="1.0" encoding="UTF-8"?>
<!-- Generated by org.testng.reporters.JUnitReportReporter -->
<testsuite hostname="LAPTOP-0THLNP35" failures="0" tests="2" name="TestScripts.BooksTest" time="5.137" errors="0" timestamp="2024-04-16T20:54:27 IST" skipped="1">
  <testcase classname="TestScripts.BooksTest" name="book_001" time="5.137">
    <system-out>
      <![CDATA[test case completed]]>
    </system-out>
  </testcase> <!-- book_001 -->
  <testcase classname="TestScripts.BooksTest" name="book_004">
    <skipped/>
  </testcase> <!-- book_004 -->
  <system-out>
    <![CDATA[Before Test
Launched Browser
Before Login
test case completed
After Logout
Browser closed
After Test
close data base connection]]>
  </system-out>
</testsuite> <!-- TestScripts.BooksTest -->
