<?xml version="1.0" encoding="UTF-8"?>
<!-- Generated by org.testng.reporters.JUnitReportReporter -->
<testsuite hostname="LAPTOP-0THLNP35" failures="0" tests="3" name="TestScripts.HomeTest" time="18.727" errors="0" timestamp="2024-04-11T15:35:19 IST" skipped="1">
  <testcase classname="TestScripts.HomeTest" name="home_002" time="7.151"/>
  <testcase classname="TestScripts.HomeTest" name="home_003" time="11.576"/>
  <testcase classname="TestScripts.HomeTest" name="home_001">
    <skipped/>
  </testcase> <!-- home_001 -->
  <system-out>
    <![CDATA[Before Suite
Before Test
Launched Browser
Before Login
After Logout
Before Login
After Logout
After quit Chrome Browser
After Test
After Suite]]>
  </system-out>
</testsuite> <!-- TestScripts.HomeTest -->
