<?xml version="1.0" encoding="UTF-8"?>
<!-- Generated by org.testng.reporters.JUnitReportReporter -->
<testsuite hostname="LAPTOP-0THLNP35" failures="0" tests="2" name="TestngBasics.LoginTest" time="4.530" errors="0" timestamp="2024-03-29T15:10:33 IST" skipped="0">
  <testcase classname="TestngBasics.LoginTest" name="login_002" time="2.399"/>
  <testcase classname="TestngBasics.LoginTest" name="login_001" time="2.131"/>
  <system-out>
    <![CDATA[Add to Cart
Login
Payment
Register]]>
  </system-out>
</testsuite> <!-- TestngBasics.LoginTest -->
