<?xml version="1.0" encoding="UTF-8"?>
<!-- Generated by org.testng.reporters.JUnitReportReporter -->
<testsuite hostname="LAPTOP-0THLNP35" failures="0" tests="3" name="genericLibrary.BaseClass" time="0.037" errors="0" timestamp="2024-04-02T13:59:29 IST" skipped="0">
  <testcase classname="genericLibrary.BaseClass" name="test1" time="0.013">
    <system-out>
      <![CDATA[Test]]>
    </system-out>
  </testcase> <!-- test1 -->
  <testcase classname="genericLibrary.BaseClass" name="test3" time="0.009">
    <system-out>
      <![CDATA[Test]]>
    </system-out>
  </testcase> <!-- test3 -->
  <testcase classname="genericLibrary.BaseClass" name="test2" time="0.015">
    <system-out>
      <![CDATA[Test]]>
    </system-out>
  </testcase> <!-- test2 -->
  <system-out>
    <![CDATA[Before Suite
Before Test
Before Class
Before Method
Test
After Method
Before Method
Test
After Method
Before Method
Test
After Method
After Class
After Test
After Suite]]>
  </system-out>
</testsuite> <!-- genericLibrary.BaseClass -->
