<?xml version="1.0" encoding="UTF-8"?>
<!-- Generated by org.testng.reporters.JUnitReportReporter -->
<testsuite hostname="LAPTOP-0THLNP35" failures="0" tests="5" name="TestngBasics.TwoDimensionalArray" time="121.607" errors="0" timestamp="2024-04-01T15:03:19 IST" skipped="0">
  <testcase classname="TestngBasics.TwoDimensionalArray" name="register" time="24.580"/>
  <testcase classname="TestngBasics.TwoDimensionalArray" name="register" time="24.140"/>
  <testcase classname="TestngBasics.TwoDimensionalArray" name="register" time="23.769"/>
  <testcase classname="TestngBasics.TwoDimensionalArray" name="register" time="24.568"/>
  <testcase classname="TestngBasics.TwoDimensionalArray" name="register" time="24.550"/>
</testsuite> <!-- TestngBasics.TwoDimensionalArray -->
