<?xml version="1.0" encoding="UTF-8"?>
<!-- Generated by org.testng.reporters.JUnitReportReporter -->
<testsuite hostname="LAPTOP-0THLNP35" failures="0" tests="4" name="TestngBasics.DependencyTest" time="14.243" errors="0" timestamp="2024-03-29T15:10:33 IST" skipped="0">
  <testcase classname="TestngBasics.DependencyTest" name="login" time="3.470"/>
  <testcase classname="TestngBasics.DependencyTest" name="payment" time="3.362"/>
  <testcase classname="TestngBasics.DependencyTest" name="register" time="3.175"/>
  <testcase classname="TestngBasics.DependencyTest" name="addToCart" time="4.236"/>
  <system-out>
    <![CDATA[Add to Cart
Login
Payment
Register]]>
  </system-out>
</testsuite> <!-- TestngBasics.DependencyTest -->
