<?xml version="1.0" encoding="UTF-8"?>
<!-- Generated by org.testng.reporters.JUnitReportReporter -->
<testsuite hostname="LAPTOP-0THLNP35" failures="0" tests="15" name="TestngBasics.DisableScripts" time="87.740" errors="0" timestamp="2024-03-29T15:10:33 IST" skipped="0">
  <testcase classname="TestngBasics.DisableScripts" name="test5" time="5.983"/>
  <testcase classname="TestngBasics.DisableScripts" name="test4" time="4.327"/>
  <testcase classname="TestngBasics.DisableScripts" name="test5" time="5.860"/>
  <testcase classname="TestngBasics.DisableScripts" name="test5" time="5.859"/>
  <testcase classname="TestngBasics.DisableScripts" name="test3" time="7.216"/>
  <testcase classname="TestngBasics.DisableScripts" name="test3" time="7.409"/>
  <testcase classname="TestngBasics.DisableScripts" name="test2" time="5.895"/>
  <testcase classname="TestngBasics.DisableScripts" name="test4" time="5.333"/>
  <testcase classname="TestngBasics.DisableScripts" name="test2" time="5.208"/>
  <testcase classname="TestngBasics.DisableScripts" name="test1" time="5.798"/>
  <testcase classname="TestngBasics.DisableScripts" name="test2" time="5.895"/>
  <testcase classname="TestngBasics.DisableScripts" name="test4" time="5.631"/>
  <testcase classname="TestngBasics.DisableScripts" name="test1" time="6.273"/>
  <testcase classname="TestngBasics.DisableScripts" name="test3" time="6.220"/>
  <testcase classname="TestngBasics.DisableScripts" name="test1" time="4.833"/>
  <system-out>
    <![CDATA[Add to Cart
Login
Payment
Register]]>
  </system-out>
</testsuite> <!-- TestngBasics.DisableScripts -->
